<?xml version="1.0" encoding="UTF-8"?>
<!-- Generated by org.testng.reporters.JUnitReportReporter -->
<testsuite hostname="TestingWorld-PC" name="testcases.TC_002" tests="1" failures="0" timestamp="10 Jan 2017 01:35:32 GMT" time="9.847" errors="0">
  <testcase name="tcase1" time="9.847" classname="testcases.TC_002"/>
</testsuite> <!-- testcases.TC_002 -->
