<?xml version="1.0" encoding="UTF-8"?>
<!-- Generated by org.testng.reporters.JUnitReportReporter -->
<testsuite hostname="TestingWorld-PC" name="testcases.TC_001" tests="1" failures="0" timestamp="10 Jan 2017 01:35:32 GMT" time="14.367" errors="0">
  <testcase name="tcase1" time="14.367" classname="testcases.TC_001"/>
</testsuite> <!-- testcases.TC_001 -->
